<?xml version="1.0" encoding="UTF-8"?>
<testsuite name="CircleTest" tests="3" skipped="0" failures="0" errors="0" timestamp="2024-07-02T04:08:08" hostname="DESKTOP-0OF3D0K" time="0.557">
  <properties/>
  <testcase name="testZeroRadiusCircle()" classname="CircleTest" time="0.518"/>
  <testcase name="testGetArea()" classname="CircleTest" time="0.032"/>
  <testcase name="testMoveCircle()" classname="CircleTest" time="0.004"/>
  <system-out><![CDATA[]]></system-out>
  <system-err><![CDATA[]]></system-err>
</testsuite>
