<?xml version="1.0" encoding="UTF-8"?>
<testsuite name="LineTest" tests="4" skipped="0" failures="0" errors="0" timestamp="2024-07-02T04:08:09" hostname="DESKTOP-0OF3D0K" time="0.044">
  <properties/>
  <testcase name="testGetSlope()" classname="LineTest" time="0.012"/>
  <testcase name="testMoveLine()" classname="LineTest" time="0.004"/>
  <testcase name="testZeroLengthLine()" classname="LineTest" time="0.003"/>
  <testcase name="testGetLength()" classname="LineTest" time="0.009"/>
  <system-out><![CDATA[]]></system-out>
  <system-err><![CDATA[]]></system-err>
</testsuite>
