<?xml version="1.0" encoding="UTF-8"?>
<testsuite name="SquareTest" tests="3" skipped="0" failures="0" errors="0" timestamp="2024-07-02T04:08:09" hostname="DESKTOP-0OF3D0K" time="0.008">
  <properties/>
  <testcase name="testGetArea()" classname="SquareTest" time="0.002"/>
  <testcase name="testInvalidSideLength()" classname="SquareTest" time="0.001"/>
  <testcase name="testMoveSquare()" classname="SquareTest" time="0.002"/>
  <system-out><![CDATA[]]></system-out>
  <system-err><![CDATA[]]></system-err>
</testsuite>
