<?xml version="1.0" encoding="UTF-8"?>
<testsuite name="TriangleTest" tests="3" skipped="0" failures="0" errors="0" timestamp="2024-06-30T02:13:35" hostname="DESKTOP-0OF3D0K" time="0.088">
  <properties/>
  <testcase name="testMoveTriangle()" classname="TriangleTest" time="0.037"/>
  <testcase name="testZeroAreaTriangle()" classname="TriangleTest" time="0.047"/>
  <testcase name="testGetArea()" classname="TriangleTest" time="0.001"/>
  <system-out><![CDATA[]]></system-out>
  <system-err><![CDATA[]]></system-err>
</testsuite>
