<?xml version="1.0" encoding="UTF-8"?>
<testsuite name="TriangleTest" tests="4" skipped="0" failures="0" errors="0" timestamp="2024-07-02T04:08:09" hostname="DESKTOP-0OF3D0K" time="0.015">
  <properties/>
  <testcase name="testMoveTriangle()" classname="TriangleTest" time="0.004"/>
  <testcase name="testZeroAreaTriangle()" classname="TriangleTest" time="0.002"/>
  <testcase name="testGetArea()" classname="TriangleTest" time="0.001"/>
  <testcase name="testGetPoints()" classname="TriangleTest" time="0.001"/>
  <system-out><![CDATA[]]></system-out>
  <system-err><![CDATA[]]></system-err>
</testsuite>
