<?xml version="1.0" encoding="UTF-8"?>
<testsuite name="RectangleTest" tests="3" skipped="0" failures="0" errors="0" timestamp="2024-07-02T04:08:09" hostname="DESKTOP-0OF3D0K" time="0.012">
  <properties/>
  <testcase name="testGetArea()" classname="RectangleTest" time="0.003"/>
  <testcase name="testZeroWidthOrHeightRectangle()" classname="RectangleTest" time="0.003"/>
  <testcase name="testMoveRectangle()" classname="RectangleTest" time="0.003"/>
  <system-out><![CDATA[]]></system-out>
  <system-err><![CDATA[]]></system-err>
</testsuite>
