<?xml version="1.0" encoding="UTF-8"?>
<testsuite name="PointTest" tests="4" skipped="0" failures="0" errors="0" timestamp="2024-07-02T04:08:09" hostname="DESKTOP-0OF3D0K" time="0.017">
  <properties/>
  <testcase name="testClone()" classname="PointTest" time="0.006"/>
  <testcase name="testGetX()" classname="PointTest" time="0.002"/>
  <testcase name="testGetY()" classname="PointTest" time="0.001"/>
  <testcase name="testMove()" classname="PointTest" time="0.002"/>
  <system-out><![CDATA[]]></system-out>
  <system-err><![CDATA[]]></system-err>
</testsuite>
